{"name":"TC_002 To verify the positive login functionality","id":"amazon---login;tc-002-to-verify-the-positive-login-functionality","testSteps":[{"number":1,"description":"Given Launch the application \"https://www.amazon.co.uk/\"","duration":38071,"startTime":"2019-08-30T16:58:46.014+01:00[Europe/London]","screenshots":[{"screenshot":"56f11ce0741f3a3ba8b6605cd3d1cbcf801809d4a2f18f17149f6529cd8f0c2a.png"}],"result":"SUCCESS","precondition":false,"children":[{"number":2,"description":"Launch application step: https://www.amazon.co.uk/","duration":19424,"startTime":"2019-08-30T16:59:03.363+01:00[Europe/London]","screenshots":[{"screenshot":"043741e3777ca90516b1a9c6de5baf1c1b12588df5ec3ab433d1081d872f2cd7.png"},{"screenshot":"8ae11d1cf6126a42ed26532eb05f5514424bd4915556754f96a4b88b1bba3350.png"}],"result":"SUCCESS","precondition":false}]},{"number":3,"description":"When Clicked on Sign option","duration":7056,"startTime":"2019-08-30T16:59:24.087+01:00[Europe/London]","screenshots":[{"screenshot":"13d48a6a99ce946757bdad18349e9700ca373ef3b1e14b3ca5ca32c1fbc8cc39.png"},{"screenshot":"e30c1d985251d5486b388cad651423aca434325f0a87564109c082cfc45db37d.png"}],"result":"SUCCESS","precondition":false,"children":[{"number":4,"description":"Click sign in step","duration":5345,"startTime":"2019-08-30T16:59:25.333+01:00[Europe/London]","screenshots":[{"screenshot":"5dd1c40017091ad8059a8ccd022661e3d3e8fe95f9218392a32c86a8587056f3.png"},{"screenshot":"921cfede8dff4492272e48b1f8490125919da7448527e64afc2371540f248b17.png"}],"result":"SUCCESS","precondition":false}]},{"number":5,"description":"Then Enter the username \"abc\"","duration":4677,"startTime":"2019-08-30T16:59:31.145+01:00[Europe/London]","screenshots":[{"screenshot":"9ee2ee1ae60101fbc17a4f71c1e8b35ae58e294fbeb8f3105dcbca39b396456a.png"}],"result":"SUCCESS","precondition":false,"children":[{"number":6,"description":"Enter email step: abc","duration":3562,"startTime":"2019-08-30T16:59:31.731+01:00[Europe/London]","screenshots":[{"screenshot":"3ae65dac6872ef6ce35eca611eabf2fef67d6a3cc56b36277193021b90b10898.png"}],"result":"SUCCESS","precondition":false}]},{"number":7,"description":"Then Enter the password \"pass123\"","duration":368956,"startTime":"2019-08-30T16:59:35.823+01:00[Europe/London]","screenshots":[{"screenshot":"3ae65dac6872ef6ce35eca611eabf2fef67d6a3cc56b36277193021b90b10898.png"},{"screenshot":"9bc4e4e2ba1ccb80fa987cd6b78308ecaf37b9e2445f6f693a5094047b42ea39.png"}],"result":"SUCCESS","precondition":false,"children":[{"number":8,"description":"Enter password step: pass123","duration":367398,"startTime":"2019-08-30T16:59:36.338+01:00[Europe/London]","screenshots":[{"screenshot":"3ae65dac6872ef6ce35eca611eabf2fef67d6a3cc56b36277193021b90b10898.png"},{"screenshot":"9bc4e4e2ba1ccb80fa987cd6b78308ecaf37b9e2445f6f693a5094047b42ea39.png"}],"result":"SUCCESS","precondition":false}]},{"number":9,"description":"And Click Login","duration":367962,"startTime":"2019-08-30T17:05:44.782+01:00[Europe/London]","screenshots":[{"screenshot":"9bc4e4e2ba1ccb80fa987cd6b78308ecaf37b9e2445f6f693a5094047b42ea39.png"}],"exception":{"errorType":"net.thucydides.core.webdriver.exceptions.ElementShouldBeEnabledException","message":"Expected enabled element was not enabled\nBuild info: version: \u00273.12.0\u0027, revision: \u00277c6e0b3\u0027, time: \u00272018-05-08T14:04:26.12Z\u0027\nSystem info: host: \u0027L106692\u0027, ip: \u002710.20.80.33\u0027, os.name: \u0027Windows 7\u0027, os.arch: \u0027amd64\u0027, os.version: \u00276.1\u0027, java.version: \u00271.8.0_121\u0027\nDriver info: driver.version: unknown","stackTrace":[{"declaringClass":"pages.LoginPage","methodName":"clickLogin","fileName":"LoginPage.java","lineNumber":91},{"declaringClass":"steps.LoginSteps","methodName":"clickLoginStep","fileName":"LoginSteps.java","lineNumber":39},{"declaringClass":"stepDefinition.LoginStepDefs","methodName":"login","fileName":"LoginStepDefs.java","lineNumber":38},{"declaringClass":"âœ½","methodName":"Click Login","fileName":"src/test/resources/features/TC_02_AmazonLogin.feature","lineNumber":12}]},"result":"FAILURE","precondition":false,"children":[{"number":10,"description":"Click login step","duration":366621,"startTime":"2019-08-30T17:05:46.114+01:00[Europe/London]","screenshots":[{"screenshot":"9bc4e4e2ba1ccb80fa987cd6b78308ecaf37b9e2445f6f693a5094047b42ea39.png","htmlSource":"pagesource6476577060406272378.html.txt"}],"exception":{"errorType":"net.thucydides.core.webdriver.exceptions.ElementShouldBeEnabledException","message":"Expected enabled element was not enabled","stackTrace":[{"declaringClass":"pages.LoginPage","methodName":"clickLogin","fileName":"LoginPage.java","lineNumber":91},{"declaringClass":"steps.LoginSteps","methodName":"clickLoginStep","fileName":"LoginSteps.java","lineNumber":39},{"declaringClass":"stepDefinition.LoginStepDefs","methodName":"login","fileName":"LoginStepDefs.java","lineNumber":38},{"declaringClass":"cucumber.runner.Runner","methodName":"runPickle","fileName":"Runner.java","lineNumber":80}],"rootCause":{"errorType":"org.openqa.selenium.TimeoutException","message":"Expected condition failed: waiting for Proxy element for: LoginPage.loginButton to be enabled (tried for 5 second(s) with 100 milliseconds interval)","stackTrace":[{"declaringClass":"pages.LoginPage","methodName":"clickLogin","fileName":"LoginPage.java","lineNumber":91},{"declaringClass":"steps.LoginSteps","methodName":"clickLoginStep","fileName":"LoginSteps.java","lineNumber":39},{"declaringClass":"stepDefinition.LoginStepDefs","methodName":"login","fileName":"LoginStepDefs.java","lineNumber":38},{"declaringClass":"cucumber.runner.Runner","methodName":"runPickle","fileName":"Runner.java","lineNumber":80}],"rootCause":{"errorType":"org.openqa.selenium.NoSuchElementException","message":"Timed out after 180 seconds. Element not found\nFor documentation on this error, please visit: http://seleniumhq.org/exceptions/no_such_element.html\nBuild info: version: \u00273.12.0\u0027, revision: \u00277c6e0b3\u0027, time: \u00272018-05-08T14:04:26.12Z\u0027\nSystem info: host: \u0027L106692\u0027, ip: \u002710.20.80.33\u0027, os.name: \u0027Windows 7\u0027, os.arch: \u0027amd64\u0027, os.version: \u00276.1\u0027, java.version: \u00271.8.0_121\u0027\nDriver info: driver.version: unknown","stackTrace":[{"declaringClass":"pages.LoginPage","methodName":"clickLogin","fileName":"LoginPage.java","lineNumber":91},{"declaringClass":"steps.LoginSteps","methodName":"clickLoginStep","fileName":"LoginSteps.java","lineNumber":39},{"declaringClass":"stepDefinition.LoginStepDefs","methodName":"login","fileName":"LoginStepDefs.java","lineNumber":38},{"declaringClass":"cucumber.runner.Runner","methodName":"runPickle","fileName":"Runner.java","lineNumber":80}]}}},"result":"FAILURE","precondition":false}]}],"userStory":{"id":"amazon---login","storyName":"amazon - Login","path":"src/test/resources/features/TC_02_AmazonLogin.feature","type":"feature"},"featureTag":{"name":"Features/amazon - Login","type":"feature"},"title":"TC_002 To verify the positive login functionality","backgroundTitle":"","backgroundDescription":"","tags":[{"name":"Regression","type":"tag"},{"name":"Amazon   login","type":"feature"},{"name":"Login","type":"tag"},{"name":"PositiveLogin","type":"tag"}],"startTime":"2019-08-30T16:58:45.999+01:00[Europe/London]","duration":797085,"testFailureCause":{"errorType":"net.thucydides.core.webdriver.exceptions.ElementShouldBeEnabledException","message":"Expected enabled element was not enabled","stackTrace":[{"declaringClass":"pages.LoginPage","methodName":"clickLogin","fileName":"LoginPage.java","lineNumber":91},{"declaringClass":"steps.LoginSteps","methodName":"clickLoginStep","fileName":"LoginSteps.java","lineNumber":39},{"declaringClass":"stepDefinition.LoginStepDefs","methodName":"login","fileName":"LoginStepDefs.java","lineNumber":38},{"declaringClass":"cucumber.runner.Runner","methodName":"runPickle","fileName":"Runner.java","lineNumber":80}],"rootCause":{"errorType":"org.openqa.selenium.TimeoutException","message":"Expected condition failed: waiting for Proxy element for: LoginPage.loginButton to be enabled (tried for 5 second(s) with 100 milliseconds interval)","stackTrace":[{"declaringClass":"pages.LoginPage","methodName":"clickLogin","fileName":"LoginPage.java","lineNumber":91},{"declaringClass":"steps.LoginSteps","methodName":"clickLoginStep","fileName":"LoginSteps.java","lineNumber":39},{"declaringClass":"stepDefinition.LoginStepDefs","methodName":"login","fileName":"LoginStepDefs.java","lineNumber":38},{"declaringClass":"cucumber.runner.Runner","methodName":"runPickle","fileName":"Runner.java","lineNumber":80}],"rootCause":{"errorType":"org.openqa.selenium.NoSuchElementException","message":"Timed out after 180 seconds. Element not found\nFor documentation on this error, please visit: http://seleniumhq.org/exceptions/no_such_element.html\nBuild info: version: \u00273.12.0\u0027, revision: \u00277c6e0b3\u0027, time: \u00272018-05-08T14:04:26.12Z\u0027\nSystem info: host: \u0027L106692\u0027, ip: \u002710.20.80.33\u0027, os.name: \u0027Windows 7\u0027, os.arch: \u0027amd64\u0027, os.version: \u00276.1\u0027, java.version: \u00271.8.0_121\u0027\nDriver info: driver.version: unknown","stackTrace":[{"declaringClass":"pages.LoginPage","methodName":"clickLogin","fileName":"LoginPage.java","lineNumber":91},{"declaringClass":"steps.LoginSteps","methodName":"clickLoginStep","fileName":"LoginSteps.java","lineNumber":39},{"declaringClass":"stepDefinition.LoginStepDefs","methodName":"login","fileName":"LoginStepDefs.java","lineNumber":38},{"declaringClass":"cucumber.runner.Runner","methodName":"runPickle","fileName":"Runner.java","lineNumber":80}]}}},"testFailureClassname":"net.thucydides.core.webdriver.exceptions.ElementShouldBeEnabledException","testFailureMessage":"Expected enabled element was not enabled","testFailureSummary":"FAILURE;net.thucydides.core.webdriver.exceptions.ElementShouldBeEnabledException;Expected enabled element was not enabled;LoginPage.java","projectKey":"","annotatedResult":"FAILURE","sessionId":"b93575c3b3262a0b99cf4297710bc61a","driver":"chrome","manual":false,"testSource":"Cucumber","result":"FAILURE"}